C:\Users\Ryouta\Documents\Visual Studio 2010\Projects\OpenBVEEditor\OpenBVEEditor\Builds\VisualStudio2010\.\Release\OpenBVEEditor.exe
C:\Users\Ryouta\Documents\Visual Studio 2010\Projects\OpenBVEEditor\OpenBVEEditor\Builds\VisualStudio2010\.\Release\OpenBVEEditor.exe.intermediate.manifest
C:\USERS\RYOUTA\DOCUMENTS\VISUAL STUDIO 2010\PROJECTS\OPENBVEEDITOR\OPENBVEEDITOR\BUILDS\VISUALSTUDIO2010\RELEASE\BVECODE.OBJ
C:\Users\Ryouta\Documents\Visual Studio 2010\Projects\OpenBVEEditor\OpenBVEEditor\Builds\VisualStudio2010\Release\cl.command.1.tlog
C:\Users\Ryouta\Documents\Visual Studio 2010\Projects\OpenBVEEditor\OpenBVEEditor\Builds\VisualStudio2010\Release\CL.read.1.tlog
C:\Users\Ryouta\Documents\Visual Studio 2010\Projects\OpenBVEEditor\OpenBVEEditor\Builds\VisualStudio2010\Release\CL.write.1.tlog
C:\USERS\RYOUTA\DOCUMENTS\VISUAL STUDIO 2010\PROJECTS\OPENBVEEDITOR\OPENBVEEDITOR\BUILDS\VISUALSTUDIO2010\RELEASE\CODEASSISTANT.OBJ
C:\USERS\RYOUTA\DOCUMENTS\VISUAL STUDIO 2010\PROJECTS\OPENBVEEDITOR\OPENBVEEDITOR\BUILDS\VISUALSTUDIO2010\RELEASE\CODEEDITOR.OBJ
C:\USERS\RYOUTA\DOCUMENTS\VISUAL STUDIO 2010\PROJECTS\OPENBVEEDITOR\OPENBVEEDITOR\BUILDS\VISUALSTUDIO2010\RELEASE\JUCELIBRARYCODE1.OBJ
C:\USERS\RYOUTA\DOCUMENTS\VISUAL STUDIO 2010\PROJECTS\OPENBVEEDITOR\OPENBVEEDITOR\BUILDS\VISUALSTUDIO2010\RELEASE\JUCELIBRARYCODE2.OBJ
C:\USERS\RYOUTA\DOCUMENTS\VISUAL STUDIO 2010\PROJECTS\OPENBVEEDITOR\OPENBVEEDITOR\BUILDS\VISUALSTUDIO2010\RELEASE\JUCELIBRARYCODE3.OBJ
C:\USERS\RYOUTA\DOCUMENTS\VISUAL STUDIO 2010\PROJECTS\OPENBVEEDITOR\OPENBVEEDITOR\BUILDS\VISUALSTUDIO2010\RELEASE\JUCELIBRARYCODE4.OBJ
C:\Users\Ryouta\Documents\Visual Studio 2010\Projects\OpenBVEEditor\OpenBVEEditor\Builds\VisualStudio2010\Release\link.command.1.tlog
C:\Users\Ryouta\Documents\Visual Studio 2010\Projects\OpenBVEEditor\OpenBVEEditor\Builds\VisualStudio2010\Release\link.read.1.tlog
C:\Users\Ryouta\Documents\Visual Studio 2010\Projects\OpenBVEEditor\OpenBVEEditor\Builds\VisualStudio2010\Release\link.write.1.tlog
C:\USERS\RYOUTA\DOCUMENTS\VISUAL STUDIO 2010\PROJECTS\OPENBVEEDITOR\OPENBVEEDITOR\BUILDS\VISUALSTUDIO2010\RELEASE\MAIN.OBJ
C:\USERS\RYOUTA\DOCUMENTS\VISUAL STUDIO 2010\PROJECTS\OPENBVEEDITOR\OPENBVEEDITOR\BUILDS\VISUALSTUDIO2010\RELEASE\MAINCOMPONENT.OBJ
C:\USERS\RYOUTA\DOCUMENTS\VISUAL STUDIO 2010\PROJECTS\OPENBVEEDITOR\OPENBVEEDITOR\BUILDS\VISUALSTUDIO2010\RELEASE\MAINWINDOW.OBJ
C:\Users\Ryouta\Documents\Visual Studio 2010\Projects\OpenBVEEditor\OpenBVEEditor\Builds\VisualStudio2010\Release\mt.command.1.tlog
C:\Users\Ryouta\Documents\Visual Studio 2010\Projects\OpenBVEEditor\OpenBVEEditor\Builds\VisualStudio2010\Release\mt.read.1.tlog
C:\Users\Ryouta\Documents\Visual Studio 2010\Projects\OpenBVEEditor\OpenBVEEditor\Builds\VisualStudio2010\Release\mt.write.1.tlog
C:\USERS\RYOUTA\DOCUMENTS\VISUAL STUDIO 2010\PROJECTS\OPENBVEEDITOR\OPENBVEEDITOR\BUILDS\VISUALSTUDIO2010\RELEASE\OPENBVEEDITOR.EXE
C:\USERS\RYOUTA\DOCUMENTS\VISUAL STUDIO 2010\PROJECTS\OPENBVEEDITOR\OPENBVEEDITOR\BUILDS\VISUALSTUDIO2010\RELEASE\OPENBVEEDITOR.EXE.INTERMEDIATE.MANIFEST
C:\USERS\RYOUTA\DOCUMENTS\VISUAL STUDIO 2010\PROJECTS\OPENBVEEDITOR\OPENBVEEDITOR\BUILDS\VISUALSTUDIO2010\RELEASE\PREFERENCES.OBJ
C:\USERS\RYOUTA\DOCUMENTS\VISUAL STUDIO 2010\PROJECTS\OPENBVEEDITOR\OPENBVEEDITOR\BUILDS\VISUALSTUDIO2010\RELEASE\SEARCHCOMPONENTS.OBJ
C:\USERS\RYOUTA\DOCUMENTS\VISUAL STUDIO 2010\PROJECTS\OPENBVEEDITOR\OPENBVEEDITOR\BUILDS\VISUALSTUDIO2010\RELEASE\STOREDSETTINGS.OBJ
C:\USERS\RYOUTA\DOCUMENTS\VISUAL STUDIO 2010\PROJECTS\OPENBVEEDITOR\OPENBVEEDITOR\BUILDS\VISUALSTUDIO2010\RELEASE\VARIOUSTOOLS.OBJ
C:\USERS\RYOUTA\DOCUMENTS\VISUAL STUDIO 2010\PROJECTS\OPENBVEEDITOR\OPENBVEEDITOR\BUILDS\VISUALSTUDIO2010\RELEASE\VC100.PDB
