  BVECode.cpp
..\..\Source\BVECode.cpp(352): warning C4100: 'Start' : 引数は関数の本体部で 1 度も参照されません。
  CodeAssistant.cpp
  CodeEditor.cpp
  MainComponent.cpp
  MainWindow.cpp
C:\DxLib_VC\プロジェクトに追加すべきファイル_VC用\../../../../../../../juce_1_54/juce/juce_amalgamated.h(10444): warning C4150: 'Preferences' 型を削除するため delete 演算子が呼び出されましたが、定義がありません。
          c:\users\ryouta\documents\visual studio 2010\projects\openbveeditor\openbveeditor\source\MainComponent.h(37) : 'Preferences' の宣言を確認してください。
          C:\DxLib_VC\プロジェクトに追加すべきファイル_VC用\../../../../../../../juce_1_54/juce/juce_amalgamated.h(10444): クラス テンプレート のメンバー関数 'juce::ScopedPointer<ObjectType>::~ScopedPointer(void)' のコンパイル中
          with
          [
              ObjectType=Preferences
          ]
          c:\users\ryouta\documents\visual studio 2010\projects\openbveeditor\openbveeditor\source\MainComponent.h(92) : コンパイルされたクラスの テンプレート のインスタンス化 'juce::ScopedPointer<ObjectType>' の参照を確認してください
          with
          [
              ObjectType=Preferences
          ]
C:\DxLib_VC\プロジェクトに追加すべきファイル_VC用\../../../../../../../juce_1_54/juce/juce_amalgamated.h(10444): warning C4150: 'SearchDialog' 型を削除するため delete 演算子が呼び出されましたが、定義がありません。
          c:\users\ryouta\documents\visual studio 2010\projects\openbveeditor\openbveeditor\source\MainComponent.h(38) : 'SearchDialog' の宣言を確認してください。
          C:\DxLib_VC\プロジェクトに追加すべきファイル_VC用\../../../../../../../juce_1_54/juce/juce_amalgamated.h(10444): クラス テンプレート のメンバー関数 'juce::ScopedPointer<ObjectType>::~ScopedPointer(void)' のコンパイル中
          with
          [
              ObjectType=SearchDialog
          ]
          c:\users\ryouta\documents\visual studio 2010\projects\openbveeditor\openbveeditor\source\MainComponent.h(93) : コンパイルされたクラスの テンプレート のインスタンス化 'juce::ScopedPointer<ObjectType>' の参照を確認してください
          with
          [
              ObjectType=SearchDialog
          ]
C:\DxLib_VC\プロジェクトに追加すべきファイル_VC用\../../../../../../../juce_1_54/juce/juce_amalgamated.h(10444): warning C4150: 'FindReplaceFunctionality' 型を削除するため delete 演算子が呼び出されましたが、定義がありません。
          c:\users\ryouta\documents\visual studio 2010\projects\openbveeditor\openbveeditor\source\MainComponent.h(39) : 'FindReplaceFunctionality' の宣言を確認してください。
          C:\DxLib_VC\プロジェクトに追加すべきファイル_VC用\../../../../../../../juce_1_54/juce/juce_amalgamated.h(10444): クラス テンプレート のメンバー関数 'juce::ScopedPointer<ObjectType>::~ScopedPointer(void)' のコンパイル中
          with
          [
              ObjectType=FindReplaceFunctionality
          ]
          c:\users\ryouta\documents\visual studio 2010\projects\openbveeditor\openbveeditor\source\MainComponent.h(95) : コンパイルされたクラスの テンプレート のインスタンス化 'juce::ScopedPointer<ObjectType>' の参照を確認してください
          with
          [
              ObjectType=FindReplaceFunctionality
          ]
  SearchComponents.cpp
C:\DxLib_VC\プロジェクトに追加すべきファイル_VC用\../../../../../../../juce_1_54/juce/juce_amalgamated.h(10444): warning C4150: 'Preferences' 型を削除するため delete 演算子が呼び出されましたが、定義がありません。
          c:\users\ryouta\documents\visual studio 2010\projects\openbveeditor\openbveeditor\source\MainComponent.h(37) : 'Preferences' の宣言を確認してください。
          C:\DxLib_VC\プロジェクトに追加すべきファイル_VC用\../../../../../../../juce_1_54/juce/juce_amalgamated.h(10444): クラス テンプレート のメンバー関数 'juce::ScopedPointer<ObjectType>::~ScopedPointer(void)' のコンパイル中
          with
          [
              ObjectType=Preferences
          ]
          c:\users\ryouta\documents\visual studio 2010\projects\openbveeditor\openbveeditor\source\MainComponent.h(92) : コンパイルされたクラスの テンプレート のインスタンス化 'juce::ScopedPointer<ObjectType>' の参照を確認してください
          with
          [
              ObjectType=Preferences
          ]
  コード生成しています。
c:\juce_1_54\juce\src\gui\components\positioning\juce_relativecoordinatepositioner.cpp(60): warning C4702: 制御が渡らないコードです。
c:\juce_1_54\juce\src\gui\components\positioning\juce_relativerectangle.cpp(137): warning C4702: 制御が渡らないコードです。
  コード生成が終了しました。
  OpenBVEEditor.vcxproj -> C:\Users\Ryouta\Documents\Visual Studio 2010\Projects\OpenBVEEditor\OpenBVEEditor\Builds\VisualStudio2010\.\Release\OpenBVEEditor.exe
