.\Debug\OpenBVEEditor.pdb
C:\Users\Ryouta\Documents\Visual Studio 2010\Projects\OpenBVEEditor\OpenBVEEditor\Builds\VisualStudio2010\.\Debug\OpenBVEEditor.exe
C:\Users\Ryouta\Documents\Visual Studio 2010\Projects\OpenBVEEditor\OpenBVEEditor\Builds\VisualStudio2010\.\Debug\OpenBVEEditor.exe.intermediate.manifest
C:\USERS\RYOUTA\DOCUMENTS\VISUAL STUDIO 2010\PROJECTS\OPENBVEEDITOR\OPENBVEEDITOR\BUILDS\VISUALSTUDIO2010\DEBUG\BVECODE.OBJ
C:\Users\Ryouta\Documents\Visual Studio 2010\Projects\OpenBVEEditor\OpenBVEEditor\Builds\VisualStudio2010\Debug\cl.command.1.tlog
C:\Users\Ryouta\Documents\Visual Studio 2010\Projects\OpenBVEEditor\OpenBVEEditor\Builds\VisualStudio2010\Debug\CL.read.1.tlog
C:\Users\Ryouta\Documents\Visual Studio 2010\Projects\OpenBVEEditor\OpenBVEEditor\Builds\VisualStudio2010\Debug\CL.write.1.tlog
C:\USERS\RYOUTA\DOCUMENTS\VISUAL STUDIO 2010\PROJECTS\OPENBVEEDITOR\OPENBVEEDITOR\BUILDS\VISUALSTUDIO2010\DEBUG\CODEASSISTANT.OBJ
C:\USERS\RYOUTA\DOCUMENTS\VISUAL STUDIO 2010\PROJECTS\OPENBVEEDITOR\OPENBVEEDITOR\BUILDS\VISUALSTUDIO2010\DEBUG\CODEEDITOR.OBJ
C:\USERS\RYOUTA\DOCUMENTS\VISUAL STUDIO 2010\PROJECTS\OPENBVEEDITOR\OPENBVEEDITOR\BUILDS\VISUALSTUDIO2010\DEBUG\JUCELIBRARYCODE1.OBJ
C:\USERS\RYOUTA\DOCUMENTS\VISUAL STUDIO 2010\PROJECTS\OPENBVEEDITOR\OPENBVEEDITOR\BUILDS\VISUALSTUDIO2010\DEBUG\JUCELIBRARYCODE2.OBJ
C:\USERS\RYOUTA\DOCUMENTS\VISUAL STUDIO 2010\PROJECTS\OPENBVEEDITOR\OPENBVEEDITOR\BUILDS\VISUALSTUDIO2010\DEBUG\JUCELIBRARYCODE3.OBJ
C:\USERS\RYOUTA\DOCUMENTS\VISUAL STUDIO 2010\PROJECTS\OPENBVEEDITOR\OPENBVEEDITOR\BUILDS\VISUALSTUDIO2010\DEBUG\JUCELIBRARYCODE4.OBJ
C:\Users\Ryouta\Documents\Visual Studio 2010\Projects\OpenBVEEditor\OpenBVEEditor\Builds\VisualStudio2010\Debug\link.command.1.tlog
C:\Users\Ryouta\Documents\Visual Studio 2010\Projects\OpenBVEEditor\OpenBVEEditor\Builds\VisualStudio2010\Debug\link.read.1.tlog
C:\Users\Ryouta\Documents\Visual Studio 2010\Projects\OpenBVEEditor\OpenBVEEditor\Builds\VisualStudio2010\Debug\link.write.1.tlog
C:\USERS\RYOUTA\DOCUMENTS\VISUAL STUDIO 2010\PROJECTS\OPENBVEEDITOR\OPENBVEEDITOR\BUILDS\VISUALSTUDIO2010\DEBUG\MAIN.OBJ
C:\USERS\RYOUTA\DOCUMENTS\VISUAL STUDIO 2010\PROJECTS\OPENBVEEDITOR\OPENBVEEDITOR\BUILDS\VISUALSTUDIO2010\DEBUG\MAINCOMPONENT.OBJ
C:\USERS\RYOUTA\DOCUMENTS\VISUAL STUDIO 2010\PROJECTS\OPENBVEEDITOR\OPENBVEEDITOR\BUILDS\VISUALSTUDIO2010\DEBUG\MAINWINDOW.OBJ
C:\Users\Ryouta\Documents\Visual Studio 2010\Projects\OpenBVEEditor\OpenBVEEditor\Builds\VisualStudio2010\Debug\mt.command.1.tlog
C:\Users\Ryouta\Documents\Visual Studio 2010\Projects\OpenBVEEditor\OpenBVEEditor\Builds\VisualStudio2010\Debug\mt.read.1.tlog
C:\Users\Ryouta\Documents\Visual Studio 2010\Projects\OpenBVEEditor\OpenBVEEditor\Builds\VisualStudio2010\Debug\mt.write.1.tlog
C:\USERS\RYOUTA\DOCUMENTS\VISUAL STUDIO 2010\PROJECTS\OPENBVEEDITOR\OPENBVEEDITOR\BUILDS\VISUALSTUDIO2010\DEBUG\OPENBVEEDITOR.EXE
C:\USERS\RYOUTA\DOCUMENTS\VISUAL STUDIO 2010\PROJECTS\OPENBVEEDITOR\OPENBVEEDITOR\BUILDS\VISUALSTUDIO2010\DEBUG\OPENBVEEDITOR.EXE.INTERMEDIATE.MANIFEST
C:\USERS\RYOUTA\DOCUMENTS\VISUAL STUDIO 2010\PROJECTS\OPENBVEEDITOR\OPENBVEEDITOR\BUILDS\VISUALSTUDIO2010\DEBUG\OPENBVEEDITOR.PDB
C:\USERS\RYOUTA\DOCUMENTS\VISUAL STUDIO 2010\PROJECTS\OPENBVEEDITOR\OPENBVEEDITOR\BUILDS\VISUALSTUDIO2010\DEBUG\PREFERENCES.OBJ
C:\USERS\RYOUTA\DOCUMENTS\VISUAL STUDIO 2010\PROJECTS\OPENBVEEDITOR\OPENBVEEDITOR\BUILDS\VISUALSTUDIO2010\DEBUG\SEARCHCOMPONENTS.OBJ
C:\USERS\RYOUTA\DOCUMENTS\VISUAL STUDIO 2010\PROJECTS\OPENBVEEDITOR\OPENBVEEDITOR\BUILDS\VISUALSTUDIO2010\DEBUG\STOREDSETTINGS.OBJ
C:\USERS\RYOUTA\DOCUMENTS\VISUAL STUDIO 2010\PROJECTS\OPENBVEEDITOR\OPENBVEEDITOR\BUILDS\VISUALSTUDIO2010\DEBUG\VARIOUSTOOLS.OBJ
C:\Users\Ryouta\Documents\Visual Studio 2010\Projects\OpenBVEEditor\OpenBVEEditor\Builds\VisualStudio2010\Debug\vc100.idb
C:\USERS\RYOUTA\DOCUMENTS\VISUAL STUDIO 2010\PROJECTS\OPENBVEEDITOR\OPENBVEEDITOR\BUILDS\VISUALSTUDIO2010\DEBUG\VC100.PDB
